<html>
<head>
<title>TestNG:  Default test</title>
<link href="../testng.css" rel="stylesheet" type="text/css" />
<link href="../my-testng.css" rel="stylesheet" type="text/css" />

<style type="text/css">
.log { display: none;} 
.stack-trace { display: none;} 
</style>
<script type="text/javascript">
<!--
function flip(e) {
  current = e.style.display;
  if (current == 'block') {
    e.style.display = 'none';
    return 0;
  }
  else {
    e.style.display = 'block';
    return 1;
  }
}

function toggleBox(szDivId, elem, msg1, msg2)
{
  var res = -1;  if (document.getElementById) {
    res = flip(document.getElementById(szDivId));
  }
  else if (document.all) {
    // this is the way old msie versions work
    res = flip(document.all[szDivId]);
  }
  if(elem) {
    if(res == 0) elem.innerHTML = msg1; else elem.innerHTML = msg2;
  }

}

function toggleAllBoxes() {
  if (document.getElementsByTagName) {
    d = document.getElementsByTagName('div');
    for (i = 0; i < d.length; i++) {
      if (d[i].className == 'log') {
        flip(d[i]);
      }
    }
  }
}

// -->
</script>

</head>
<body>
<h2 align='center'>Default test</h2><table border='1' align="center">
<tr>
<td>Tests passed/Failed/Skipped:</td><td>16/4/0</td>
</tr><tr>
<td>Started on:</td><td>Thu Apr 21 11:12:07 IST 2022</td>
</tr>
<tr><td>Total time:</td><td>0 seconds (872 ms)</td>
</tr><tr>
<td>Included groups:</td><td></td>
</tr><tr>
<td>Excluded groups:</td><td></td>
</tr>
</table><p/>
<small><i>(Hover the method name to see the test class name)</i></small><p/>
<table width='100%' border='1' class='invocation-failed'>
<tr><td colspan='4' align='center'><b>FAILED TESTS</b></td></tr>
<tr><td><b>Test method</b></td>
<td width="30%"><b>Exception</b></td>
<td width="10%"><b>Time (seconds)</b></td>
<td><b>Instance</b></td>
</tr>
<tr>
<td title='suites_demo.InvocationCount.a1()'><b>a1</b><br>Test class: suites_demo.InvocationCount</td>
<td><div><pre>java.lang.ArithmeticException: / by zero
	at suites_demo.InvocationCount.a1(InvocationCount.java:19)
... Removed 24 stack frames</pre></div><a href='#' onClick='toggleBox("stack-trace1690287238", this, "Click to show all stack frames", "Click to hide stack frames")'>Click to show all stack frames</a>
<div class='stack-trace' id='stack-trace1690287238'><pre>java.lang.ArithmeticException: / by zero
	at suites_demo.InvocationCount.a1(InvocationCount.java:19)
	at sun.reflect.NativeMethodAccessorImpl.invoke0(Native Method)
	at sun.reflect.NativeMethodAccessorImpl.invoke(Unknown Source)
	at sun.reflect.DelegatingMethodAccessorImpl.invoke(Unknown Source)
	at java.lang.reflect.Method.invoke(Unknown Source)
	at org.testng.internal.MethodInvocationHelper.invokeMethod(MethodInvocationHelper.java:86)
	at org.testng.internal.Invoker.invokeMethod(Invoker.java:643)
	at org.testng.internal.Invoker.invokeTestMethod(Invoker.java:820)
	at org.testng.internal.Invoker.invokeTestMethods(Invoker.java:1128)
	at org.testng.internal.TestMethodWorker.invokeTestMethods(TestMethodWorker.java:129)
	at org.testng.internal.TestMethodWorker.run(TestMethodWorker.java:112)
	at org.testng.TestRunner.privateRun(TestRunner.java:782)
	at org.testng.TestRunner.run(TestRunner.java:632)
	at org.testng.SuiteRunner.runTest(SuiteRunner.java:366)
	at org.testng.SuiteRunner.runSequentially(SuiteRunner.java:361)
	at org.testng.SuiteRunner.privateRun(SuiteRunner.java:319)
	at org.testng.SuiteRunner.run(SuiteRunner.java:268)
	at org.testng.SuiteRunnerWorker.runSuite(SuiteRunnerWorker.java:52)
	at org.testng.SuiteRunnerWorker.run(SuiteRunnerWorker.java:86)
	at org.testng.TestNG.runSuitesSequentially(TestNG.java:1244)
	at org.testng.TestNG.runSuitesLocally(TestNG.java:1169)
	at org.testng.TestNG.run(TestNG.java:1064)
	at org.testng.remote.AbstractRemoteTestNG.run(AbstractRemoteTestNG.java:115)
	at org.testng.remote.RemoteTestNG.initAndRun(RemoteTestNG.java:251)
	at org.testng.remote.RemoteTestNG.main(RemoteTestNG.java:77)
</pre></div></td>
<td>0</td>
<td>suites_demo.InvocationCount@5d5eef3d</td></tr>
<tr>
<td title='suites_demo.Grouping.b1()'><b>b1</b><br>Test class: suites_demo.Grouping</td>
<td><div><pre>java.lang.ArithmeticException: / by zero
	at suites_demo.Grouping.b1(Grouping.java:14)
... Removed 24 stack frames</pre></div><a href='#' onClick='toggleBox("stack-trace1273765644", this, "Click to show all stack frames", "Click to hide stack frames")'>Click to show all stack frames</a>
<div class='stack-trace' id='stack-trace1273765644'><pre>java.lang.ArithmeticException: / by zero
	at suites_demo.Grouping.b1(Grouping.java:14)
	at sun.reflect.NativeMethodAccessorImpl.invoke0(Native Method)
	at sun.reflect.NativeMethodAccessorImpl.invoke(Unknown Source)
	at sun.reflect.DelegatingMethodAccessorImpl.invoke(Unknown Source)
	at java.lang.reflect.Method.invoke(Unknown Source)
	at org.testng.internal.MethodInvocationHelper.invokeMethod(MethodInvocationHelper.java:86)
	at org.testng.internal.Invoker.invokeMethod(Invoker.java:643)
	at org.testng.internal.Invoker.invokeTestMethod(Invoker.java:820)
	at org.testng.internal.Invoker.invokeTestMethods(Invoker.java:1128)
	at org.testng.internal.TestMethodWorker.invokeTestMethods(TestMethodWorker.java:129)
	at org.testng.internal.TestMethodWorker.run(TestMethodWorker.java:112)
	at org.testng.TestRunner.privateRun(TestRunner.java:782)
	at org.testng.TestRunner.run(TestRunner.java:632)
	at org.testng.SuiteRunner.runTest(SuiteRunner.java:366)
	at org.testng.SuiteRunner.runSequentially(SuiteRunner.java:361)
	at org.testng.SuiteRunner.privateRun(SuiteRunner.java:319)
	at org.testng.SuiteRunner.run(SuiteRunner.java:268)
	at org.testng.SuiteRunnerWorker.runSuite(SuiteRunnerWorker.java:52)
	at org.testng.SuiteRunnerWorker.run(SuiteRunnerWorker.java:86)
	at org.testng.TestNG.runSuitesSequentially(TestNG.java:1244)
	at org.testng.TestNG.runSuitesLocally(TestNG.java:1169)
	at org.testng.TestNG.run(TestNG.java:1064)
	at org.testng.remote.AbstractRemoteTestNG.run(AbstractRemoteTestNG.java:115)
	at org.testng.remote.RemoteTestNG.initAndRun(RemoteTestNG.java:251)
	at org.testng.remote.RemoteTestNG.main(RemoteTestNG.java:77)
</pre></div></td>
<td>0</td>
<td>suites_demo.Grouping@5dfcfece</td></tr>
<tr>
<td title='suites_demo.InvocationCount.b1()'><b>b1</b><br>Test class: suites_demo.InvocationCount</td>
<td><div><pre>java.lang.ArithmeticException: / by zero
	at suites_demo.InvocationCount.b1(InvocationCount.java:14)
... Removed 24 stack frames</pre></div><a href='#' onClick='toggleBox("stack-trace1440047379", this, "Click to show all stack frames", "Click to hide stack frames")'>Click to show all stack frames</a>
<div class='stack-trace' id='stack-trace1440047379'><pre>java.lang.ArithmeticException: / by zero
	at suites_demo.InvocationCount.b1(InvocationCount.java:14)
	at sun.reflect.NativeMethodAccessorImpl.invoke0(Native Method)
	at sun.reflect.NativeMethodAccessorImpl.invoke(Unknown Source)
	at sun.reflect.DelegatingMethodAccessorImpl.invoke(Unknown Source)
	at java.lang.reflect.Method.invoke(Unknown Source)
	at org.testng.internal.MethodInvocationHelper.invokeMethod(MethodInvocationHelper.java:86)
	at org.testng.internal.Invoker.invokeMethod(Invoker.java:643)
	at org.testng.internal.Invoker.invokeTestMethod(Invoker.java:820)
	at org.testng.internal.Invoker.invokeTestMethods(Invoker.java:1128)
	at org.testng.internal.TestMethodWorker.invokeTestMethods(TestMethodWorker.java:129)
	at org.testng.internal.TestMethodWorker.run(TestMethodWorker.java:112)
	at org.testng.TestRunner.privateRun(TestRunner.java:782)
	at org.testng.TestRunner.run(TestRunner.java:632)
	at org.testng.SuiteRunner.runTest(SuiteRunner.java:366)
	at org.testng.SuiteRunner.runSequentially(SuiteRunner.java:361)
	at org.testng.SuiteRunner.privateRun(SuiteRunner.java:319)
	at org.testng.SuiteRunner.run(SuiteRunner.java:268)
	at org.testng.SuiteRunnerWorker.runSuite(SuiteRunnerWorker.java:52)
	at org.testng.SuiteRunnerWorker.run(SuiteRunnerWorker.java:86)
	at org.testng.TestNG.runSuitesSequentially(TestNG.java:1244)
	at org.testng.TestNG.runSuitesLocally(TestNG.java:1169)
	at org.testng.TestNG.run(TestNG.java:1064)
	at org.testng.remote.AbstractRemoteTestNG.run(AbstractRemoteTestNG.java:115)
	at org.testng.remote.RemoteTestNG.initAndRun(RemoteTestNG.java:251)
	at org.testng.remote.RemoteTestNG.main(RemoteTestNG.java:77)
</pre></div></td>
<td>0</td>
<td>suites_demo.InvocationCount@5d5eef3d</td></tr>
<tr>
<td title='suites_demo.Priority.b1()'><b>b1</b><br>Test class: suites_demo.Priority</td>
<td><div><pre>java.lang.ArithmeticException: / by zero
	at suites_demo.Priority.b1(Priority.java:14)
... Removed 24 stack frames</pre></div><a href='#' onClick='toggleBox("stack-trace504527234", this, "Click to show all stack frames", "Click to hide stack frames")'>Click to show all stack frames</a>
<div class='stack-trace' id='stack-trace504527234'><pre>java.lang.ArithmeticException: / by zero
	at suites_demo.Priority.b1(Priority.java:14)
	at sun.reflect.NativeMethodAccessorImpl.invoke0(Native Method)
	at sun.reflect.NativeMethodAccessorImpl.invoke(Unknown Source)
	at sun.reflect.DelegatingMethodAccessorImpl.invoke(Unknown Source)
	at java.lang.reflect.Method.invoke(Unknown Source)
	at org.testng.internal.MethodInvocationHelper.invokeMethod(MethodInvocationHelper.java:86)
	at org.testng.internal.Invoker.invokeMethod(Invoker.java:643)
	at org.testng.internal.Invoker.invokeTestMethod(Invoker.java:820)
	at org.testng.internal.Invoker.invokeTestMethods(Invoker.java:1128)
	at org.testng.internal.TestMethodWorker.invokeTestMethods(TestMethodWorker.java:129)
	at org.testng.internal.TestMethodWorker.run(TestMethodWorker.java:112)
	at org.testng.TestRunner.privateRun(TestRunner.java:782)
	at org.testng.TestRunner.run(TestRunner.java:632)
	at org.testng.SuiteRunner.runTest(SuiteRunner.java:366)
	at org.testng.SuiteRunner.runSequentially(SuiteRunner.java:361)
	at org.testng.SuiteRunner.privateRun(SuiteRunner.java:319)
	at org.testng.SuiteRunner.run(SuiteRunner.java:268)
	at org.testng.SuiteRunnerWorker.runSuite(SuiteRunnerWorker.java:52)
	at org.testng.SuiteRunnerWorker.run(SuiteRunnerWorker.java:86)
	at org.testng.TestNG.runSuitesSequentially(TestNG.java:1244)
	at org.testng.TestNG.runSuitesLocally(TestNG.java:1169)
	at org.testng.TestNG.run(TestNG.java:1064)
	at org.testng.remote.AbstractRemoteTestNG.run(AbstractRemoteTestNG.java:115)
	at org.testng.remote.RemoteTestNG.initAndRun(RemoteTestNG.java:251)
	at org.testng.remote.RemoteTestNG.main(RemoteTestNG.java:77)
</pre></div></td>
<td>0</td>
<td>suites_demo.Priority@56f4468b</td></tr>
</table><p>
<table width='100%' border='1' class='invocation-passed'>
<tr><td colspan='4' align='center'><b>PASSED TESTS</b></td></tr>
<tr><td><b>Test method</b></td>
<td width="30%"><b>Exception</b></td>
<td width="10%"><b>Time (seconds)</b></td>
<td><b>Instance</b></td>
</tr>
<tr>
<td title='suites_demo.DependencyTest.a1()'><b>a1</b><br>Test class: suites_demo.DependencyTest</td>
<td></td>
<td>0</td>
<td>suites_demo.DependencyTest@5f375618</td></tr>
<tr>
<td title='suites_demo.Grouping.a1()'><b>a1</b><br>Test class: suites_demo.Grouping</td>
<td></td>
<td>0</td>
<td>suites_demo.Grouping@5dfcfece</td></tr>
<tr>
<td title='suites_demo.HandlingExceptions.a1()'><b>a1</b><br>Test class: suites_demo.HandlingExceptions</td>
<td><div><pre>java.lang.ArithmeticException: / by zero
	at suites_demo.HandlingExceptions.a1(HandlingExceptions.java:23)
... Removed 24 stack frames</pre></div><a href='#' onClick='toggleBox("stack-trace764577347", this, "Click to show all stack frames", "Click to hide stack frames")'>Click to show all stack frames</a>
<div class='stack-trace' id='stack-trace764577347'><pre>java.lang.ArithmeticException: / by zero
	at suites_demo.HandlingExceptions.a1(HandlingExceptions.java:23)
	at sun.reflect.NativeMethodAccessorImpl.invoke0(Native Method)
	at sun.reflect.NativeMethodAccessorImpl.invoke(Unknown Source)
	at sun.reflect.DelegatingMethodAccessorImpl.invoke(Unknown Source)
	at java.lang.reflect.Method.invoke(Unknown Source)
	at org.testng.internal.MethodInvocationHelper.invokeMethod(MethodInvocationHelper.java:86)
	at org.testng.internal.Invoker.invokeMethod(Invoker.java:643)
	at org.testng.internal.Invoker.invokeTestMethod(Invoker.java:820)
	at org.testng.internal.Invoker.invokeTestMethods(Invoker.java:1128)
	at org.testng.internal.TestMethodWorker.invokeTestMethods(TestMethodWorker.java:129)
	at org.testng.internal.TestMethodWorker.run(TestMethodWorker.java:112)
	at org.testng.TestRunner.privateRun(TestRunner.java:782)
	at org.testng.TestRunner.run(TestRunner.java:632)
	at org.testng.SuiteRunner.runTest(SuiteRunner.java:366)
	at org.testng.SuiteRunner.runSequentially(SuiteRunner.java:361)
	at org.testng.SuiteRunner.privateRun(SuiteRunner.java:319)
	at org.testng.SuiteRunner.run(SuiteRunner.java:268)
	at org.testng.SuiteRunnerWorker.runSuite(SuiteRunnerWorker.java:52)
	at org.testng.SuiteRunnerWorker.run(SuiteRunnerWorker.java:86)
	at org.testng.TestNG.runSuitesSequentially(TestNG.java:1244)
	at org.testng.TestNG.runSuitesLocally(TestNG.java:1169)
	at org.testng.TestNG.run(TestNG.java:1064)
	at org.testng.remote.AbstractRemoteTestNG.run(AbstractRemoteTestNG.java:115)
	at org.testng.remote.RemoteTestNG.initAndRun(RemoteTestNG.java:251)
	at org.testng.remote.RemoteTestNG.main(RemoteTestNG.java:77)
</pre></div></td>
<td>0</td>
<td>suites_demo.HandlingExceptions@23ceabc1</td></tr>
<tr>
<td title='suites_demo.Priority.a1()'><b>a1</b><br>Test class: suites_demo.Priority</td>
<td></td>
<td>0</td>
<td>suites_demo.Priority@56f4468b</td></tr>
<tr>
<td title='suites_demo.DependencyTest.b1()'><b>b1</b><br>Test class: suites_demo.DependencyTest</td>
<td></td>
<td>0</td>
<td>suites_demo.DependencyTest@5f375618</td></tr>
<tr>
<td title='suites_demo.HandlingExceptions.b1()'><b>b1</b><br>Test class: suites_demo.HandlingExceptions</td>
<td></td>
<td>0</td>
<td>suites_demo.HandlingExceptions@23ceabc1</td></tr>
<tr>
<td title='suites_demo.DependencyTest.c1()'><b>c1</b><br>Test class: suites_demo.DependencyTest</td>
<td></td>
<td>0</td>
<td>suites_demo.DependencyTest@5f375618</td></tr>
<tr>
<td title='suites_demo.Grouping.c1()'><b>c1</b><br>Test class: suites_demo.Grouping</td>
<td></td>
<td>0</td>
<td>suites_demo.Grouping@5dfcfece</td></tr>
<tr>
<td title='suites_demo.HandlingExceptions.c1()'><b>c1</b><br>Test class: suites_demo.HandlingExceptions</td>
<td></td>
<td>0</td>
<td>suites_demo.HandlingExceptions@23ceabc1</td></tr>
<tr>
<td title='suites_demo.InvocationCount.c1()'><b>c1</b><br>Test class: suites_demo.InvocationCount</td>
<td></td>
<td>0</td>
<td>suites_demo.InvocationCount@5d5eef3d</td></tr>
<tr>
<td title='suites_demo.Priority.c1()'><b>c1</b><br>Test class: suites_demo.Priority</td>
<td></td>
<td>0</td>
<td>suites_demo.Priority@56f4468b</td></tr>
<tr>
<td title='suites_demo.DependencyTest.d1()'><b>d1</b><br>Test class: suites_demo.DependencyTest</td>
<td></td>
<td>0</td>
<td>suites_demo.DependencyTest@5f375618</td></tr>
<tr>
<td title='suites_demo.Grouping.d1()'><b>d1</b><br>Test class: suites_demo.Grouping</td>
<td></td>
<td>0</td>
<td>suites_demo.Grouping@5dfcfece</td></tr>
<tr>
<td title='suites_demo.HandlingExceptions.d1()'><b>d1</b><br>Test class: suites_demo.HandlingExceptions</td>
<td></td>
<td>0</td>
<td>suites_demo.HandlingExceptions@23ceabc1</td></tr>
<tr>
<td title='suites_demo.InvocationCount.d1()'><b>d1</b><br>Test class: suites_demo.InvocationCount</td>
<td></td>
<td>0</td>
<td>suites_demo.InvocationCount@5d5eef3d</td></tr>
<tr>
<td title='suites_demo.Priority.d1()'><b>d1</b><br>Test class: suites_demo.Priority</td>
<td></td>
<td>0</td>
<td>suites_demo.Priority@56f4468b</td></tr>
</table><p>
</body>
</html>